Build started 11/14/2016 16:53:54.
     1>Project "D:\CG\HW2\assign1_coreOpenGL_starterCode - Copy\hw1-starterCode\hw1.vcxproj" on node 2 (Build target(s)).
     1>ClCompile:
         C:\Program Files (x86)\Microsoft Visual Studio 12.0\VC\bin\CL.exe /c /I../external/glm /I../external/imageIO /I"../external/jpeg-9a-win32" /I"../external/glew-1.13.0/include" /I"../external/freeglut-3.0.0-win32/include" /I"../OpenGLHelper-starterCode" /Zi /nologo /W3 /WX- /Od /Oy- /D WIN32 /D _DEBUG /D _CONSOLE /D _CRT_SECURE_NO_WARNINGS /D "SHADER_BASE_PATH=R\"(D:\CG\HW2\assign1_coreOpenGL_starterCode - Copy\hw1-starterCode\../OpenGLHelper-starterCode/)\"" /Gm /EHsc /RTC1 /MDd /GS /fp:precise /Zc:wchar_t /Zc:forScope /Fo"D:\CG\HW2\assign1_coreOpenGL_starterCode - Copy\hw1-starterCode\\Debug\\" /Fd"D:\CG\HW2\assign1_coreOpenGL_starterCode - Copy\hw1-starterCode\\Debug\vc120.pdb" /Gd /TP /analyze- /errorReport:prompt hw1.cpp
         hw1.cpp
     1>hw1.cpp(618): warning C4244: 'argument' : conversion from 'double' to 'float', possible loss of data
     1>hw1.cpp(619): warning C4018: '>=' : signed/unsigned mismatch
     1>hw1.cpp(666): warning C4305: '+=' : truncation from 'double' to 'GLfloat'
     1>hw1.cpp(668): warning C4305: '+=' : truncation from 'double' to 'GLfloat'
     1>hw1.cpp(670): warning C4305: '+=' : truncation from 'double' to 'GLfloat'
     1>hw1.cpp(691): warning C4305: 'argument' : truncation from 'double' to 'float'
     1>hw1.cpp(691): warning C4244: 'argument' : conversion from 'double' to 'float', possible loss of data
     1>hw1.cpp(834): warning C4244: 'initializing' : conversion from 'double' to 'float', possible loss of data
     1>hw1.cpp(854): warning C4305: 'initializing' : truncation from 'double' to 'float'
     1>hw1.cpp(888): warning C4018: '<' : signed/unsigned mismatch
     1>hw1.cpp(893): warning C4244: 'initializing' : conversion from 'double' to 'GLfloat', possible loss of data
     1>hw1.cpp(894): warning C4244: 'initializing' : conversion from 'double' to 'GLfloat', possible loss of data
     1>hw1.cpp(895): warning C4244: 'initializing' : conversion from 'double' to 'GLfloat', possible loss of data
     1>hw1.cpp(896): warning C4244: 'initializing' : conversion from 'double' to 'GLfloat', possible loss of data
     1>hw1.cpp(921): warning C4244: 'initializing' : conversion from 'double' to 'GLfloat', possible loss of data
     1>hw1.cpp(922): warning C4244: 'initializing' : conversion from 'double' to 'GLfloat', possible loss of data
     1>hw1.cpp(923): warning C4244: 'initializing' : conversion from 'double' to 'GLfloat', possible loss of data
     1>hw1.cpp(924): warning C4244: 'initializing' : conversion from 'double' to 'GLfloat', possible loss of data
     1>hw1.cpp(950): warning C4244: 'initializing' : conversion from 'double' to 'GLfloat', possible loss of data
     1>hw1.cpp(951): warning C4244: 'initializing' : conversion from 'double' to 'GLfloat', possible loss of data
     1>hw1.cpp(952): warning C4244: 'initializing' : conversion from 'double' to 'GLfloat', possible loss of data
     1>hw1.cpp(953): warning C4244: 'initializing' : conversion from 'double' to 'GLfloat', possible loss of data
     1>hw1.cpp(976): warning C4244: 'initializing' : conversion from 'double' to 'GLfloat', possible loss of data
     1>hw1.cpp(977): warning C4244: 'initializing' : conversion from 'double' to 'GLfloat', possible loss of data
     1>hw1.cpp(978): warning C4244: 'initializing' : conversion from 'double' to 'GLfloat', possible loss of data
     1>hw1.cpp(979): warning C4244: 'initializing' : conversion from 'double' to 'GLfloat', possible loss of data
     1>hw1.cpp(1010): warning C4018: '<' : signed/unsigned mismatch
     1>hw1.cpp(1015): warning C4244: 'initializing' : conversion from 'double' to 'GLfloat', possible loss of data
     1>hw1.cpp(1016): warning C4244: 'initializing' : conversion from 'double' to 'GLfloat', possible loss of data
     1>hw1.cpp(1017): warning C4244: 'initializing' : conversion from 'double' to 'GLfloat', possible loss of data
     1>hw1.cpp(1018): warning C4244: 'initializing' : conversion from 'double' to 'GLfloat', possible loss of data
     1>hw1.cpp(1042): warning C4244: 'initializing' : conversion from 'double' to 'GLfloat', possible loss of data
     1>hw1.cpp(1043): warning C4244: 'initializing' : conversion from 'double' to 'GLfloat', possible loss of data
     1>hw1.cpp(1044): warning C4244: 'initializing' : conversion from 'double' to 'GLfloat', possible loss of data
     1>hw1.cpp(1045): warning C4244: 'initializing' : conversion from 'double' to 'GLfloat', possible loss of data
     1>hw1.cpp(1068): warning C4244: 'initializing' : conversion from 'double' to 'GLfloat', possible loss of data
     1>hw1.cpp(1069): warning C4244: 'initializing' : conversion from 'double' to 'GLfloat', possible loss of data
     1>hw1.cpp(1070): warning C4244: 'initializing' : conversion from 'double' to 'GLfloat', possible loss of data
     1>hw1.cpp(1071): warning C4244: 'initializing' : conversion from 'double' to 'GLfloat', possible loss of data
     1>hw1.cpp(1097): warning C4244: 'initializing' : conversion from 'double' to 'GLfloat', possible loss of data
     1>hw1.cpp(1098): warning C4244: 'initializing' : conversion from 'double' to 'GLfloat', possible loss of data
     1>hw1.cpp(1099): warning C4244: 'initializing' : conversion from 'double' to 'GLfloat', possible loss of data
     1>hw1.cpp(1100): warning C4244: 'initializing' : conversion from 'double' to 'GLfloat', possible loss of data
     1>hw1.cpp(1133): warning C4018: '<' : signed/unsigned mismatch
     1>hw1.cpp(1177): warning C4305: '+=' : truncation from 'double' to 'float'
     1>hw1.cpp(1182): warning C4244: 'initializing' : conversion from 'double' to 'GLfloat', possible loss of data
     1>hw1.cpp(1187): warning C4244: 'initializing' : conversion from 'double' to 'GLfloat', possible loss of data
     1>hw1.cpp(1192): warning C4244: 'initializing' : conversion from 'double' to 'GLfloat', possible loss of data
     1>hw1.cpp(1219): warning C4244: 'initializing' : conversion from 'double' to 'GLfloat', possible loss of data
     1>hw1.cpp(1220): warning C4244: 'initializing' : conversion from 'double' to 'GLfloat', possible loss of data
       Link:
         C:\Program Files (x86)\Microsoft Visual Studio 12.0\VC\bin\link.exe /ERRORREPORT:PROMPT /OUT:"D:\CG\HW2\assign1_coreOpenGL_starterCode - Copy\hw1-starterCode\\Bin\Debug\hw1.exe" /INCREMENTAL /NOLOGO /LIBPATH:"../external/jpeg-9a-win32/Debug" /LIBPATH:"../external/glew-1.13.0/lib/Debug/Win32" /LIBPATH:"../external/freeglut-3.0.0-win32/lib/Debug" kernel32.lib user32.lib gdi32.lib winspool.lib comdlg32.lib advapi32.lib shell32.lib ole32.lib oleaut32.lib uuid.lib odbc32.lib odbccp32.lib /MANIFEST /MANIFESTUAC:"level='asInvoker' uiAccess='false'" /manifest:embed /DEBUG /PDB:"D:\CG\HW2\assign1_coreOpenGL_starterCode - Copy\hw1-starterCode\\Bin\Debug\hw1.pdb" /SUBSYSTEM:CONSOLE /TLBID:1 /DYNAMICBASE /NXCOMPAT /IMPLIB:"D:\CG\HW2\assign1_coreOpenGL_starterCode - Copy\hw1-starterCode\\Bin\Debug\hw1.lib" /MACHINE:X86 "D:\CG\HW2\assign1_coreOpenGL_starterCode - Copy\hw1-starterCode\\Debug\imageIO.obj"
         "D:\CG\HW2\assign1_coreOpenGL_starterCode - Copy\hw1-starterCode\\Debug\basicPipelineProgram.obj"
         "D:\CG\HW2\assign1_coreOpenGL_starterCode - Copy\hw1-starterCode\\Debug\openGLMatrix.obj"
         "D:\CG\HW2\assign1_coreOpenGL_starterCode - Copy\hw1-starterCode\\Debug\pipelineProgram.obj"
         "D:\CG\HW2\assign1_coreOpenGL_starterCode - Copy\hw1-starterCode\\Debug\texturePipelineProgram.obj"
         "D:\CG\HW2\assign1_coreOpenGL_starterCode - Copy\hw1-starterCode\\Debug\hw1.obj"
         hw1.vcxproj -> D:\CG\HW2\assign1_coreOpenGL_starterCode - Copy\hw1-starterCode\\Bin\Debug\hw1.exe
     1>Done Building Project "D:\CG\HW2\assign1_coreOpenGL_starterCode - Copy\hw1-starterCode\hw1.vcxproj" (Build target(s)).

Build succeeded.

Time Elapsed 00:00:01.73
