d:\cg\hw2\assign1_coreopengl_startercode - copy\hw1-startercode\debug\vc120.pdb
d:\cg\hw2\assign1_coreopengl_startercode - copy\hw1-startercode\debug\vc120.idb
d:\cg\hw2\assign1_coreopengl_startercode - copy\hw1-startercode\debug\imageio.obj
d:\cg\hw2\assign1_coreopengl_startercode - copy\hw1-startercode\debug\basicpipelineprogram.obj
d:\cg\hw2\assign1_coreopengl_startercode - copy\hw1-startercode\debug\openglmatrix.obj
d:\cg\hw2\assign1_coreopengl_startercode - copy\hw1-startercode\debug\pipelineprogram.obj
d:\cg\hw2\assign1_coreopengl_startercode - copy\hw1-startercode\debug\texturepipelineprogram.obj
d:\cg\hw2\assign1_coreopengl_startercode - copy\hw1-startercode\debug\hw1.obj
d:\cg\hw2\assign1_coreopengl_startercode - copy\hw1-startercode\bin\debug\hw1.ilk
d:\cg\hw2\assign1_coreopengl_startercode - copy\hw1-startercode\bin\debug\hw1.exe
d:\cg\hw2\assign1_coreopengl_startercode - copy\hw1-startercode\bin\debug\hw1.pdb
d:\cg\hw2\assign1_coreopengl_startercode - copy\hw1-startercode\\bin\debug\hw1.pdb
d:\cg\hw2\assign1_coreopengl_startercode - copy\hw1-startercode\\bin\debug\hw1.exe
d:\cg\hw2\assign1_coreopengl_startercode - copy\hw1-startercode\\bin\debug\hw1.ilk
d:\cg\hw2\assign1_coreopengl_startercode - copy\hw1-startercode\debug\hw1.tlog\cl.command.1.tlog
d:\cg\hw2\assign1_coreopengl_startercode - copy\hw1-startercode\debug\hw1.tlog\cl.read.1.tlog
d:\cg\hw2\assign1_coreopengl_startercode - copy\hw1-startercode\debug\hw1.tlog\cl.write.1.tlog
d:\cg\hw2\assign1_coreopengl_startercode - copy\hw1-startercode\debug\hw1.tlog\link.command.1.tlog
d:\cg\hw2\assign1_coreopengl_startercode - copy\hw1-startercode\debug\hw1.tlog\link.read.1.tlog
d:\cg\hw2\assign1_coreopengl_startercode - copy\hw1-startercode\debug\hw1.tlog\link.write.1.tlog
